<?xml version="1.0" encoding="UTF-8"?>
<testsuite xmlns:xsi="http://www.w3.org/2001/XMLSchema-instance" xsi:noNamespaceSchemaLocation="https://maven.apache.org/surefire/maven-surefire-plugin/xsd/surefire-test-report.xsd" name="com.fh.AppTest" time="0.051" tests="1" errors="0" skipped="0" failures="0">
  <properties>
    <property name="sun.desktop" value="windows"/>
    <property name="awt.toolkit" value="sun.awt.windows.WToolkit"/>
    <property name="file.encoding.pkg" value="sun.io"/>
    <property name="java.specification.version" value="1.8"/>
    <property name="sun.cpu.isalist" value="amd64"/>
    <property name="sun.jnu.encoding" value="GBK"/>
    <property name="java.class.path" value="F:\对讲广播SDK-V506\JAVA demo20201012\demo\target\test-classes;F:\对讲广播SDK-V506\JAVA demo20201012\demo\target\classes;E:\Software\apache-maven-3.6.0-bin\MavenRepository\maven_jar\junit\junit\4.12\junit-4.12.jar;E:\Software\apache-maven-3.6.0-bin\MavenRepository\maven_jar\org\hamcrest\hamcrest-core\1.3\hamcrest-core-1.3.jar;E:\Software\apache-maven-3.6.0-bin\MavenRepository\maven_jar\org\springframework\boot\spring-boot-starter-test\2.1.3.RELEASE\spring-boot-starter-test-2.1.3.RELEASE.jar;E:\Software\apache-maven-3.6.0-bin\MavenRepository\maven_jar\org\springframework\boot\spring-boot-starter\2.1.3.RELEASE\spring-boot-starter-2.1.3.RELEASE.jar;E:\Software\apache-maven-3.6.0-bin\MavenRepository\maven_jar\org\springframework\boot\spring-boot-starter-logging\2.1.3.RELEASE\spring-boot-starter-logging-2.1.3.RELEASE.jar;E:\Software\apache-maven-3.6.0-bin\MavenRepository\maven_jar\org\apache\logging\log4j\log4j-to-slf4j\2.11.2\log4j-to-slf4j-2.11.2.jar;E:\Software\apache-maven-3.6.0-bin\MavenRepository\maven_jar\org\apache\logging\log4j\log4j-api\2.11.2\log4j-api-2.11.2.jar;E:\Software\apache-maven-3.6.0-bin\MavenRepository\maven_jar\org\slf4j\jul-to-slf4j\1.7.25\jul-to-slf4j-1.7.25.jar;E:\Software\apache-maven-3.6.0-bin\MavenRepository\maven_jar\javax\annotation\javax.annotation-api\1.3.2\javax.annotation-api-1.3.2.jar;E:\Software\apache-maven-3.6.0-bin\MavenRepository\maven_jar\org\yaml\snakeyaml\1.23\snakeyaml-1.23.jar;E:\Software\apache-maven-3.6.0-bin\MavenRepository\maven_jar\org\springframework\boot\spring-boot-test\2.1.3.RELEASE\spring-boot-test-2.1.3.RELEASE.jar;E:\Software\apache-maven-3.6.0-bin\MavenRepository\maven_jar\org\springframework\boot\spring-boot-test-autoconfigure\2.1.3.RELEASE\spring-boot-test-autoconfigure-2.1.3.RELEASE.jar;E:\Software\apache-maven-3.6.0-bin\MavenRepository\maven_jar\com\jayway\jsonpath\json-path\2.4.0\json-path-2.4.0.jar;E:\Software\apache-maven-3.6.0-bin\MavenRepository\maven_jar\net\minidev\json-smart\2.3\json-smart-2.3.jar;E:\Software\apache-maven-3.6.0-bin\MavenRepository\maven_jar\net\minidev\accessors-smart\1.2\accessors-smart-1.2.jar;E:\Software\apache-maven-3.6.0-bin\MavenRepository\maven_jar\org\ow2\asm\asm\5.0.4\asm-5.0.4.jar;E:\Software\apache-maven-3.6.0-bin\MavenRepository\maven_jar\org\assertj\assertj-core\3.11.1\assertj-core-3.11.1.jar;E:\Software\apache-maven-3.6.0-bin\MavenRepository\maven_jar\org\mockito\mockito-core\2.23.4\mockito-core-2.23.4.jar;E:\Software\apache-maven-3.6.0-bin\MavenRepository\maven_jar\net\bytebuddy\byte-buddy\1.9.10\byte-buddy-1.9.10.jar;E:\Software\apache-maven-3.6.0-bin\MavenRepository\maven_jar\net\bytebuddy\byte-buddy-agent\1.9.10\byte-buddy-agent-1.9.10.jar;E:\Software\apache-maven-3.6.0-bin\MavenRepository\maven_jar\org\objenesis\objenesis\2.6\objenesis-2.6.jar;E:\Software\apache-maven-3.6.0-bin\MavenRepository\maven_jar\org\hamcrest\hamcrest-library\1.3\hamcrest-library-1.3.jar;E:\Software\apache-maven-3.6.0-bin\MavenRepository\maven_jar\org\skyscreamer\jsonassert\1.5.0\jsonassert-1.5.0.jar;E:\Software\apache-maven-3.6.0-bin\MavenRepository\maven_jar\com\vaadin\external\google\android-json\0.0.20131108.vaadin1\android-json-0.0.20131108.vaadin1.jar;E:\Software\apache-maven-3.6.0-bin\MavenRepository\maven_jar\org\springframework\spring-core\5.1.5.RELEASE\spring-core-5.1.5.RELEASE.jar;E:\Software\apache-maven-3.6.0-bin\MavenRepository\maven_jar\org\springframework\spring-jcl\5.1.5.RELEASE\spring-jcl-5.1.5.RELEASE.jar;E:\Software\apache-maven-3.6.0-bin\MavenRepository\maven_jar\org\springframework\spring-test\5.1.5.RELEASE\spring-test-5.1.5.RELEASE.jar;E:\Software\apache-maven-3.6.0-bin\MavenRepository\maven_jar\org\xmlunit\xmlunit-core\2.6.2\xmlunit-core-2.6.2.jar;E:\Software\apache-maven-3.6.0-bin\MavenRepository\maven_jar\org\springframework\boot\spring-boot-starter-web\2.1.3.RELEASE\spring-boot-starter-web-2.1.3.RELEASE.jar;E:\Software\apache-maven-3.6.0-bin\MavenRepository\maven_jar\org\springframework\boot\spring-boot-starter-json\2.1.3.RELEASE\spring-boot-starter-json-2.1.3.RELEASE.jar;E:\Software\apache-maven-3.6.0-bin\MavenRepository\maven_jar\com\fasterxml\jackson\core\jackson-databind\2.9.8\jackson-databind-2.9.8.jar;E:\Software\apache-maven-3.6.0-bin\MavenRepository\maven_jar\com\fasterxml\jackson\core\jackson-core\2.9.8\jackson-core-2.9.8.jar;E:\Software\apache-maven-3.6.0-bin\MavenRepository\maven_jar\com\fasterxml\jackson\datatype\jackson-datatype-jdk8\2.9.8\jackson-datatype-jdk8-2.9.8.jar;E:\Software\apache-maven-3.6.0-bin\MavenRepository\maven_jar\com\fasterxml\jackson\datatype\jackson-datatype-jsr310\2.9.8\jackson-datatype-jsr310-2.9.8.jar;E:\Software\apache-maven-3.6.0-bin\MavenRepository\maven_jar\com\fasterxml\jackson\module\jackson-module-parameter-names\2.9.8\jackson-module-parameter-names-2.9.8.jar;E:\Software\apache-maven-3.6.0-bin\MavenRepository\maven_jar\org\springframework\boot\spring-boot-starter-tomcat\2.1.3.RELEASE\spring-boot-starter-tomcat-2.1.3.RELEASE.jar;E:\Software\apache-maven-3.6.0-bin\MavenRepository\maven_jar\org\apache\tomcat\embed\tomcat-embed-core\9.0.16\tomcat-embed-core-9.0.16.jar;E:\Software\apache-maven-3.6.0-bin\MavenRepository\maven_jar\org\apache\tomcat\embed\tomcat-embed-el\9.0.16\tomcat-embed-el-9.0.16.jar;E:\Software\apache-maven-3.6.0-bin\MavenRepository\maven_jar\org\apache\tomcat\embed\tomcat-embed-websocket\9.0.16\tomcat-embed-websocket-9.0.16.jar;E:\Software\apache-maven-3.6.0-bin\MavenRepository\maven_jar\org\hibernate\validator\hibernate-validator\6.0.14.Final\hibernate-validator-6.0.14.Final.jar;E:\Software\apache-maven-3.6.0-bin\MavenRepository\maven_jar\javax\validation\validation-api\2.0.1.Final\validation-api-2.0.1.Final.jar;E:\Software\apache-maven-3.6.0-bin\MavenRepository\maven_jar\org\jboss\logging\jboss-logging\3.3.2.Final\jboss-logging-3.3.2.Final.jar;E:\Software\apache-maven-3.6.0-bin\MavenRepository\maven_jar\org\springframework\spring-web\5.1.5.RELEASE\spring-web-5.1.5.RELEASE.jar;E:\Software\apache-maven-3.6.0-bin\MavenRepository\maven_jar\org\springframework\spring-webmvc\5.1.5.RELEASE\spring-webmvc-5.1.5.RELEASE.jar;E:\Software\apache-maven-3.6.0-bin\MavenRepository\maven_jar\org\springframework\spring-expression\5.1.5.RELEASE\spring-expression-5.1.5.RELEASE.jar;E:\Software\apache-maven-3.6.0-bin\MavenRepository\maven_jar\org\springframework\boot\spring-boot-starter-aop\2.1.3.RELEASE\spring-boot-starter-aop-2.1.3.RELEASE.jar;E:\Software\apache-maven-3.6.0-bin\MavenRepository\maven_jar\org\springframework\spring-aop\5.1.5.RELEASE\spring-aop-5.1.5.RELEASE.jar;E:\Software\apache-maven-3.6.0-bin\MavenRepository\maven_jar\org\aspectj\aspectjweaver\1.9.2\aspectjweaver-1.9.2.jar;E:\Software\apache-maven-3.6.0-bin\MavenRepository\maven_jar\org\springframework\spring-context-support\5.1.5.RELEASE\spring-context-support-5.1.5.RELEASE.jar;E:\Software\apache-maven-3.6.0-bin\MavenRepository\maven_jar\org\springframework\spring-beans\5.1.5.RELEASE\spring-beans-5.1.5.RELEASE.jar;E:\Software\apache-maven-3.6.0-bin\MavenRepository\maven_jar\org\springframework\spring-context\5.1.5.RELEASE\spring-context-5.1.5.RELEASE.jar;E:\Software\apache-maven-3.6.0-bin\MavenRepository\maven_jar\org\springframework\boot\spring-boot-starter-data-redis\2.1.3.RELEASE\spring-boot-starter-data-redis-2.1.3.RELEASE.jar;E:\Software\apache-maven-3.6.0-bin\MavenRepository\maven_jar\org\springframework\data\spring-data-redis\2.1.5.RELEASE\spring-data-redis-2.1.5.RELEASE.jar;E:\Software\apache-maven-3.6.0-bin\MavenRepository\maven_jar\org\springframework\data\spring-data-keyvalue\2.1.5.RELEASE\spring-data-keyvalue-2.1.5.RELEASE.jar;E:\Software\apache-maven-3.6.0-bin\MavenRepository\maven_jar\org\springframework\data\spring-data-commons\2.1.5.RELEASE\spring-data-commons-2.1.5.RELEASE.jar;E:\Software\apache-maven-3.6.0-bin\MavenRepository\maven_jar\org\springframework\spring-oxm\5.1.5.RELEASE\spring-oxm-5.1.5.RELEASE.jar;E:\Software\apache-maven-3.6.0-bin\MavenRepository\maven_jar\io\lettuce\lettuce-core\5.1.4.RELEASE\lettuce-core-5.1.4.RELEASE.jar;E:\Software\apache-maven-3.6.0-bin\MavenRepository\maven_jar\io\netty\netty-common\4.1.33.Final\netty-common-4.1.33.Final.jar;E:\Software\apache-maven-3.6.0-bin\MavenRepository\maven_jar\io\netty\netty-handler\4.1.33.Final\netty-handler-4.1.33.Final.jar;E:\Software\apache-maven-3.6.0-bin\MavenRepository\maven_jar\io\netty\netty-buffer\4.1.33.Final\netty-buffer-4.1.33.Final.jar;E:\Software\apache-maven-3.6.0-bin\MavenRepository\maven_jar\io\netty\netty-codec\4.1.33.Final\netty-codec-4.1.33.Final.jar;E:\Software\apache-maven-3.6.0-bin\MavenRepository\maven_jar\io\netty\netty-transport\4.1.33.Final\netty-transport-4.1.33.Final.jar;E:\Software\apache-maven-3.6.0-bin\MavenRepository\maven_jar\io\netty\netty-resolver\4.1.33.Final\netty-resolver-4.1.33.Final.jar;E:\Software\apache-maven-3.6.0-bin\MavenRepository\maven_jar\io\projectreactor\reactor-core\3.2.6.RELEASE\reactor-core-3.2.6.RELEASE.jar;E:\Software\apache-maven-3.6.0-bin\MavenRepository\maven_jar\org\reactivestreams\reactive-streams\1.0.2\reactive-streams-1.0.2.jar;E:\Software\apache-maven-3.6.0-bin\MavenRepository\maven_jar\org\springframework\boot\spring-boot-configuration-processor\2.1.3.RELEASE\spring-boot-configuration-processor-2.1.3.RELEASE.jar;E:\Software\apache-maven-3.6.0-bin\MavenRepository\maven_jar\redis\clients\jedis\2.9.1\jedis-2.9.1.jar;E:\Software\apache-maven-3.6.0-bin\MavenRepository\maven_jar\org\slf4j\slf4j-api\1.7.25\slf4j-api-1.7.25.jar;E:\Software\apache-maven-3.6.0-bin\MavenRepository\maven_jar\org\apache\commons\commons-pool2\2.6.1\commons-pool2-2.6.1.jar;E:\Software\apache-maven-3.6.0-bin\MavenRepository\maven_jar\mysql\mysql-connector-java\5.1.38\mysql-connector-java-5.1.38.jar;E:\Software\apache-maven-3.6.0-bin\MavenRepository\maven_jar\com\alibaba\druid-spring-boot-starter\1.1.10\druid-spring-boot-starter-1.1.10.jar;E:\Software\apache-maven-3.6.0-bin\MavenRepository\maven_jar\com\alibaba\druid\1.1.10\druid-1.1.10.jar;E:\Software\apache-maven-3.6.0-bin\MavenRepository\maven_jar\org\springframework\boot\spring-boot-autoconfigure\2.1.3.RELEASE\spring-boot-autoconfigure-2.1.3.RELEASE.jar;E:\Software\apache-maven-3.6.0-bin\MavenRepository\maven_jar\org\springframework\boot\spring-boot-devtools\2.1.3.RELEASE\spring-boot-devtools-2.1.3.RELEASE.jar;E:\Software\apache-maven-3.6.0-bin\MavenRepository\maven_jar\org\springframework\boot\spring-boot\2.1.3.RELEASE\spring-boot-2.1.3.RELEASE.jar;E:\Software\apache-maven-3.6.0-bin\MavenRepository\maven_jar\com\baomidou\mybatisplus-spring-boot-starter\1.0.5\mybatisplus-spring-boot-starter-1.0.5.jar;E:\Software\apache-maven-3.6.0-bin\MavenRepository\maven_jar\org\springframework\boot\spring-boot-starter-jdbc\2.1.3.RELEASE\spring-boot-starter-jdbc-2.1.3.RELEASE.jar;E:\Software\apache-maven-3.6.0-bin\MavenRepository\maven_jar\com\zaxxer\HikariCP\3.2.0\HikariCP-3.2.0.jar;E:\Software\apache-maven-3.6.0-bin\MavenRepository\maven_jar\org\springframework\spring-jdbc\5.1.5.RELEASE\spring-jdbc-5.1.5.RELEASE.jar;E:\Software\apache-maven-3.6.0-bin\MavenRepository\maven_jar\com\alibaba\fastjson\1.2.45\fastjson-1.2.45.jar;E:\Software\apache-maven-3.6.0-bin\MavenRepository\maven_jar\commons-lang\commons-lang\2.6\commons-lang-2.6.jar;E:\Software\apache-maven-3.6.0-bin\MavenRepository\maven_jar\commons-fileupload\commons-fileupload\1.2.2\commons-fileupload-1.2.2.jar;E:\Software\apache-maven-3.6.0-bin\MavenRepository\maven_jar\commons-io\commons-io\2.5\commons-io-2.5.jar;E:\Software\apache-maven-3.6.0-bin\MavenRepository\maven_jar\commons-codec\commons-codec\1.10\commons-codec-1.10.jar;E:\Software\apache-maven-3.6.0-bin\MavenRepository\maven_jar\joda-time\joda-time\2.9.9\joda-time-2.9.9.jar;E:\Software\apache-maven-3.6.0-bin\MavenRepository\maven_jar\org\projectlombok\lombok\1.18.2\lombok-1.18.2.jar;E:\Software\apache-maven-3.6.0-bin\MavenRepository\maven_jar\com\github\tobato\fastdfs-client\1.26.1-RELEASE\fastdfs-client-1.26.1-RELEASE.jar;E:\Software\apache-maven-3.6.0-bin\MavenRepository\maven_jar\org\slf4j\jcl-over-slf4j\1.7.25\jcl-over-slf4j-1.7.25.jar;E:\Software\apache-maven-3.6.0-bin\MavenRepository\maven_jar\ch\qos\logback\logback-classic\1.2.3\logback-classic-1.2.3.jar;E:\Software\apache-maven-3.6.0-bin\MavenRepository\maven_jar\ch\qos\logback\logback-core\1.2.3\logback-core-1.2.3.jar;E:\Software\apache-maven-3.6.0-bin\MavenRepository\maven_jar\org\apache\commons\commons-lang3\3.8.1\commons-lang3-3.8.1.jar;E:\Software\apache-maven-3.6.0-bin\MavenRepository\maven_jar\commons-beanutils\commons-beanutils\1.9.1\commons-beanutils-1.9.1.jar;E:\Software\apache-maven-3.6.0-bin\MavenRepository\maven_jar\commons-collections\commons-collections\3.2.1\commons-collections-3.2.1.jar;E:\Software\apache-maven-3.6.0-bin\MavenRepository\maven_jar\org\mockito\mockito-all\1.9.5\mockito-all-1.9.5.jar;E:\Software\apache-maven-3.6.0-bin\MavenRepository\maven_jar\net\coobird\thumbnailator\0.4.8\thumbnailator-0.4.8.jar;E:\Software\apache-maven-3.6.0-bin\MavenRepository\maven_jar\com\baomidou\mybatis-plus\2.1.9\mybatis-plus-2.1.9.jar;E:\Software\apache-maven-3.6.0-bin\MavenRepository\maven_jar\com\baomidou\mybatis-plus-support\2.1.9\mybatis-plus-support-2.1.9.jar;E:\Software\apache-maven-3.6.0-bin\MavenRepository\maven_jar\org\mybatis\mybatis-spring\1.3.1\mybatis-spring-1.3.1.jar;E:\Software\apache-maven-3.6.0-bin\MavenRepository\maven_jar\org\mybatis\mybatis\3.4.5\mybatis-3.4.5.jar;E:\Software\apache-maven-3.6.0-bin\MavenRepository\maven_jar\com\baomidou\mybatis-plus-core\2.1.9\mybatis-plus-core-2.1.9.jar;E:\Software\apache-maven-3.6.0-bin\MavenRepository\maven_jar\com\github\jsqlparser\jsqlparser\1.1\jsqlparser-1.1.jar;E:\Software\apache-maven-3.6.0-bin\MavenRepository\maven_jar\com\baomidou\mybatis-plus-generate\2.1.9\mybatis-plus-generate-2.1.9.jar;E:\Software\apache-maven-3.6.0-bin\MavenRepository\maven_jar\org\apache\velocity\velocity-engine-core\2.0\velocity-engine-core-2.0.jar;E:\Software\apache-maven-3.6.0-bin\MavenRepository\maven_jar\org\freemarker\freemarker\2.3.28\freemarker-2.3.28.jar;E:\Software\apache-maven-3.6.0-bin\MavenRepository\maven_jar\org\apache\httpcomponents\httpclient\4.5.5\httpclient-4.5.5.jar;E:\Software\apache-maven-3.6.0-bin\MavenRepository\maven_jar\org\apache\httpcomponents\httpcore\4.4.11\httpcore-4.4.11.jar;E:\Software\apache-maven-3.6.0-bin\MavenRepository\maven_jar\io\springfox\springfox-swagger2\2.7.0\springfox-swagger2-2.7.0.jar;E:\Software\apache-maven-3.6.0-bin\MavenRepository\maven_jar\io\swagger\swagger-annotations\1.5.13\swagger-annotations-1.5.13.jar;E:\Software\apache-maven-3.6.0-bin\MavenRepository\maven_jar\io\swagger\swagger-models\1.5.13\swagger-models-1.5.13.jar;E:\Software\apache-maven-3.6.0-bin\MavenRepository\maven_jar\com\fasterxml\jackson\core\jackson-annotations\2.9.0\jackson-annotations-2.9.0.jar;E:\Software\apache-maven-3.6.0-bin\MavenRepository\maven_jar\io\springfox\springfox-spi\2.7.0\springfox-spi-2.7.0.jar;E:\Software\apache-maven-3.6.0-bin\MavenRepository\maven_jar\io\springfox\springfox-core\2.7.0\springfox-core-2.7.0.jar;E:\Software\apache-maven-3.6.0-bin\MavenRepository\maven_jar\io\springfox\springfox-schema\2.7.0\springfox-schema-2.7.0.jar;E:\Software\apache-maven-3.6.0-bin\MavenRepository\maven_jar\io\springfox\springfox-swagger-common\2.7.0\springfox-swagger-common-2.7.0.jar;E:\Software\apache-maven-3.6.0-bin\MavenRepository\maven_jar\io\springfox\springfox-spring-web\2.7.0\springfox-spring-web-2.7.0.jar;E:\Software\apache-maven-3.6.0-bin\MavenRepository\maven_jar\org\reflections\reflections\0.9.11\reflections-0.9.11.jar;E:\Software\apache-maven-3.6.0-bin\MavenRepository\maven_jar\org\javassist\javassist\3.21.0-GA\javassist-3.21.0-GA.jar;E:\Software\apache-maven-3.6.0-bin\MavenRepository\maven_jar\com\google\guava\guava\18.0\guava-18.0.jar;E:\Software\apache-maven-3.6.0-bin\MavenRepository\maven_jar\com\fasterxml\classmate\1.4.0\classmate-1.4.0.jar;E:\Software\apache-maven-3.6.0-bin\MavenRepository\maven_jar\org\springframework\plugin\spring-plugin-core\1.2.0.RELEASE\spring-plugin-core-1.2.0.RELEASE.jar;E:\Software\apache-maven-3.6.0-bin\MavenRepository\maven_jar\org\springframework\plugin\spring-plugin-metadata\1.2.0.RELEASE\spring-plugin-metadata-1.2.0.RELEASE.jar;E:\Software\apache-maven-3.6.0-bin\MavenRepository\maven_jar\org\mapstruct\mapstruct\1.1.0.Final\mapstruct-1.1.0.Final.jar;E:\Software\apache-maven-3.6.0-bin\MavenRepository\maven_jar\io\springfox\springfox-swagger-ui\2.7.0\springfox-swagger-ui-2.7.0.jar;E:\Software\apache-maven-3.6.0-bin\MavenRepository\maven_jar\org\springframework\spring-tx\5.1.5.RELEASE\spring-tx-5.1.5.RELEASE.jar;E:\Software\apache-maven-3.6.0-bin\MavenRepository\maven_jar\org\quartz-scheduler\quartz-jobs\2.3.0\quartz-jobs-2.3.0.jar;E:\Software\apache-maven-3.6.0-bin\MavenRepository\maven_jar\org\quartz-scheduler\quartz\2.3.0\quartz-2.3.0.jar;E:\Software\apache-maven-3.6.0-bin\MavenRepository\maven_jar\com\mchange\mchange-commons-java\0.2.11\mchange-commons-java-0.2.11.jar;E:\Software\apache-maven-3.6.0-bin\MavenRepository\maven_jar\cn\hutool\hutool-all\4.1.1\hutool-all-4.1.1.jar;E:\Software\apache-maven-3.6.0-bin\MavenRepository\maven_jar\com\google\code\gson\gson\2.8.5\gson-2.8.5.jar;F:\对讲广播SDK-V506\JAVA demo20201012\demo\src\main\lib\IStreamConvertor.jar;F:\对讲广播SDK-V506\JAVA demo20201012\demo\src\main\lib\examples.jar;F:\对讲广播SDK-V506\JAVA demo20201012\demo\src\main\lib\jna.jar;"/>
    <property name="java.vm.vendor" value="Oracle Corporation"/>
    <property name="sun.arch.data.model" value="64"/>
    <property name="user.variant" value=""/>
    <property name="java.vendor.url" value="http://java.oracle.com/"/>
    <property name="user.timezone" value="Asia/Shanghai"/>
    <property name="java.vm.specification.version" value="1.8"/>
    <property name="os.name" value="Windows 7"/>
    <property name="user.country" value="CN"/>
    <property name="sun.java.launcher" value="SUN_STANDARD"/>
    <property name="sun.boot.library.path" value="D:\Program Files\java\jdk1.8.0.77\jre\bin"/>
    <property name="sun.java.command" value="C:\Users\ADMINI~1\AppData\Local\Temp\surefire8792683762203110592\surefirebooter2731826585229002655.jar C:\Users\Administrator\AppData\Local\Temp\surefire8792683762203110592 2020-11-05T16-35-33_461-jvmRun1 surefire5521645078815478148tmp surefire_07753153631482597485tmp"/>
    <property name="surefire.test.class.path" value="F:\对讲广播SDK-V506\JAVA demo20201012\demo\target\test-classes;F:\对讲广播SDK-V506\JAVA demo20201012\demo\target\classes;E:\Software\apache-maven-3.6.0-bin\MavenRepository\maven_jar\junit\junit\4.12\junit-4.12.jar;E:\Software\apache-maven-3.6.0-bin\MavenRepository\maven_jar\org\hamcrest\hamcrest-core\1.3\hamcrest-core-1.3.jar;E:\Software\apache-maven-3.6.0-bin\MavenRepository\maven_jar\org\springframework\boot\spring-boot-starter-test\2.1.3.RELEASE\spring-boot-starter-test-2.1.3.RELEASE.jar;E:\Software\apache-maven-3.6.0-bin\MavenRepository\maven_jar\org\springframework\boot\spring-boot-starter\2.1.3.RELEASE\spring-boot-starter-2.1.3.RELEASE.jar;E:\Software\apache-maven-3.6.0-bin\MavenRepository\maven_jar\org\springframework\boot\spring-boot-starter-logging\2.1.3.RELEASE\spring-boot-starter-logging-2.1.3.RELEASE.jar;E:\Software\apache-maven-3.6.0-bin\MavenRepository\maven_jar\org\apache\logging\log4j\log4j-to-slf4j\2.11.2\log4j-to-slf4j-2.11.2.jar;E:\Software\apache-maven-3.6.0-bin\MavenRepository\maven_jar\org\apache\logging\log4j\log4j-api\2.11.2\log4j-api-2.11.2.jar;E:\Software\apache-maven-3.6.0-bin\MavenRepository\maven_jar\org\slf4j\jul-to-slf4j\1.7.25\jul-to-slf4j-1.7.25.jar;E:\Software\apache-maven-3.6.0-bin\MavenRepository\maven_jar\javax\annotation\javax.annotation-api\1.3.2\javax.annotation-api-1.3.2.jar;E:\Software\apache-maven-3.6.0-bin\MavenRepository\maven_jar\org\yaml\snakeyaml\1.23\snakeyaml-1.23.jar;E:\Software\apache-maven-3.6.0-bin\MavenRepository\maven_jar\org\springframework\boot\spring-boot-test\2.1.3.RELEASE\spring-boot-test-2.1.3.RELEASE.jar;E:\Software\apache-maven-3.6.0-bin\MavenRepository\maven_jar\org\springframework\boot\spring-boot-test-autoconfigure\2.1.3.RELEASE\spring-boot-test-autoconfigure-2.1.3.RELEASE.jar;E:\Software\apache-maven-3.6.0-bin\MavenRepository\maven_jar\com\jayway\jsonpath\json-path\2.4.0\json-path-2.4.0.jar;E:\Software\apache-maven-3.6.0-bin\MavenRepository\maven_jar\net\minidev\json-smart\2.3\json-smart-2.3.jar;E:\Software\apache-maven-3.6.0-bin\MavenRepository\maven_jar\net\minidev\accessors-smart\1.2\accessors-smart-1.2.jar;E:\Software\apache-maven-3.6.0-bin\MavenRepository\maven_jar\org\ow2\asm\asm\5.0.4\asm-5.0.4.jar;E:\Software\apache-maven-3.6.0-bin\MavenRepository\maven_jar\org\assertj\assertj-core\3.11.1\assertj-core-3.11.1.jar;E:\Software\apache-maven-3.6.0-bin\MavenRepository\maven_jar\org\mockito\mockito-core\2.23.4\mockito-core-2.23.4.jar;E:\Software\apache-maven-3.6.0-bin\MavenRepository\maven_jar\net\bytebuddy\byte-buddy\1.9.10\byte-buddy-1.9.10.jar;E:\Software\apache-maven-3.6.0-bin\MavenRepository\maven_jar\net\bytebuddy\byte-buddy-agent\1.9.10\byte-buddy-agent-1.9.10.jar;E:\Software\apache-maven-3.6.0-bin\MavenRepository\maven_jar\org\objenesis\objenesis\2.6\objenesis-2.6.jar;E:\Software\apache-maven-3.6.0-bin\MavenRepository\maven_jar\org\hamcrest\hamcrest-library\1.3\hamcrest-library-1.3.jar;E:\Software\apache-maven-3.6.0-bin\MavenRepository\maven_jar\org\skyscreamer\jsonassert\1.5.0\jsonassert-1.5.0.jar;E:\Software\apache-maven-3.6.0-bin\MavenRepository\maven_jar\com\vaadin\external\google\android-json\0.0.20131108.vaadin1\android-json-0.0.20131108.vaadin1.jar;E:\Software\apache-maven-3.6.0-bin\MavenRepository\maven_jar\org\springframework\spring-core\5.1.5.RELEASE\spring-core-5.1.5.RELEASE.jar;E:\Software\apache-maven-3.6.0-bin\MavenRepository\maven_jar\org\springframework\spring-jcl\5.1.5.RELEASE\spring-jcl-5.1.5.RELEASE.jar;E:\Software\apache-maven-3.6.0-bin\MavenRepository\maven_jar\org\springframework\spring-test\5.1.5.RELEASE\spring-test-5.1.5.RELEASE.jar;E:\Software\apache-maven-3.6.0-bin\MavenRepository\maven_jar\org\xmlunit\xmlunit-core\2.6.2\xmlunit-core-2.6.2.jar;E:\Software\apache-maven-3.6.0-bin\MavenRepository\maven_jar\org\springframework\boot\spring-boot-starter-web\2.1.3.RELEASE\spring-boot-starter-web-2.1.3.RELEASE.jar;E:\Software\apache-maven-3.6.0-bin\MavenRepository\maven_jar\org\springframework\boot\spring-boot-starter-json\2.1.3.RELEASE\spring-boot-starter-json-2.1.3.RELEASE.jar;E:\Software\apache-maven-3.6.0-bin\MavenRepository\maven_jar\com\fasterxml\jackson\core\jackson-databind\2.9.8\jackson-databind-2.9.8.jar;E:\Software\apache-maven-3.6.0-bin\MavenRepository\maven_jar\com\fasterxml\jackson\core\jackson-core\2.9.8\jackson-core-2.9.8.jar;E:\Software\apache-maven-3.6.0-bin\MavenRepository\maven_jar\com\fasterxml\jackson\datatype\jackson-datatype-jdk8\2.9.8\jackson-datatype-jdk8-2.9.8.jar;E:\Software\apache-maven-3.6.0-bin\MavenRepository\maven_jar\com\fasterxml\jackson\datatype\jackson-datatype-jsr310\2.9.8\jackson-datatype-jsr310-2.9.8.jar;E:\Software\apache-maven-3.6.0-bin\MavenRepository\maven_jar\com\fasterxml\jackson\module\jackson-module-parameter-names\2.9.8\jackson-module-parameter-names-2.9.8.jar;E:\Software\apache-maven-3.6.0-bin\MavenRepository\maven_jar\org\springframework\boot\spring-boot-starter-tomcat\2.1.3.RELEASE\spring-boot-starter-tomcat-2.1.3.RELEASE.jar;E:\Software\apache-maven-3.6.0-bin\MavenRepository\maven_jar\org\apache\tomcat\embed\tomcat-embed-core\9.0.16\tomcat-embed-core-9.0.16.jar;E:\Software\apache-maven-3.6.0-bin\MavenRepository\maven_jar\org\apache\tomcat\embed\tomcat-embed-el\9.0.16\tomcat-embed-el-9.0.16.jar;E:\Software\apache-maven-3.6.0-bin\MavenRepository\maven_jar\org\apache\tomcat\embed\tomcat-embed-websocket\9.0.16\tomcat-embed-websocket-9.0.16.jar;E:\Software\apache-maven-3.6.0-bin\MavenRepository\maven_jar\org\hibernate\validator\hibernate-validator\6.0.14.Final\hibernate-validator-6.0.14.Final.jar;E:\Software\apache-maven-3.6.0-bin\MavenRepository\maven_jar\javax\validation\validation-api\2.0.1.Final\validation-api-2.0.1.Final.jar;E:\Software\apache-maven-3.6.0-bin\MavenRepository\maven_jar\org\jboss\logging\jboss-logging\3.3.2.Final\jboss-logging-3.3.2.Final.jar;E:\Software\apache-maven-3.6.0-bin\MavenRepository\maven_jar\org\springframework\spring-web\5.1.5.RELEASE\spring-web-5.1.5.RELEASE.jar;E:\Software\apache-maven-3.6.0-bin\MavenRepository\maven_jar\org\springframework\spring-webmvc\5.1.5.RELEASE\spring-webmvc-5.1.5.RELEASE.jar;E:\Software\apache-maven-3.6.0-bin\MavenRepository\maven_jar\org\springframework\spring-expression\5.1.5.RELEASE\spring-expression-5.1.5.RELEASE.jar;E:\Software\apache-maven-3.6.0-bin\MavenRepository\maven_jar\org\springframework\boot\spring-boot-starter-aop\2.1.3.RELEASE\spring-boot-starter-aop-2.1.3.RELEASE.jar;E:\Software\apache-maven-3.6.0-bin\MavenRepository\maven_jar\org\springframework\spring-aop\5.1.5.RELEASE\spring-aop-5.1.5.RELEASE.jar;E:\Software\apache-maven-3.6.0-bin\MavenRepository\maven_jar\org\aspectj\aspectjweaver\1.9.2\aspectjweaver-1.9.2.jar;E:\Software\apache-maven-3.6.0-bin\MavenRepository\maven_jar\org\springframework\spring-context-support\5.1.5.RELEASE\spring-context-support-5.1.5.RELEASE.jar;E:\Software\apache-maven-3.6.0-bin\MavenRepository\maven_jar\org\springframework\spring-beans\5.1.5.RELEASE\spring-beans-5.1.5.RELEASE.jar;E:\Software\apache-maven-3.6.0-bin\MavenRepository\maven_jar\org\springframework\spring-context\5.1.5.RELEASE\spring-context-5.1.5.RELEASE.jar;E:\Software\apache-maven-3.6.0-bin\MavenRepository\maven_jar\org\springframework\boot\spring-boot-starter-data-redis\2.1.3.RELEASE\spring-boot-starter-data-redis-2.1.3.RELEASE.jar;E:\Software\apache-maven-3.6.0-bin\MavenRepository\maven_jar\org\springframework\data\spring-data-redis\2.1.5.RELEASE\spring-data-redis-2.1.5.RELEASE.jar;E:\Software\apache-maven-3.6.0-bin\MavenRepository\maven_jar\org\springframework\data\spring-data-keyvalue\2.1.5.RELEASE\spring-data-keyvalue-2.1.5.RELEASE.jar;E:\Software\apache-maven-3.6.0-bin\MavenRepository\maven_jar\org\springframework\data\spring-data-commons\2.1.5.RELEASE\spring-data-commons-2.1.5.RELEASE.jar;E:\Software\apache-maven-3.6.0-bin\MavenRepository\maven_jar\org\springframework\spring-oxm\5.1.5.RELEASE\spring-oxm-5.1.5.RELEASE.jar;E:\Software\apache-maven-3.6.0-bin\MavenRepository\maven_jar\io\lettuce\lettuce-core\5.1.4.RELEASE\lettuce-core-5.1.4.RELEASE.jar;E:\Software\apache-maven-3.6.0-bin\MavenRepository\maven_jar\io\netty\netty-common\4.1.33.Final\netty-common-4.1.33.Final.jar;E:\Software\apache-maven-3.6.0-bin\MavenRepository\maven_jar\io\netty\netty-handler\4.1.33.Final\netty-handler-4.1.33.Final.jar;E:\Software\apache-maven-3.6.0-bin\MavenRepository\maven_jar\io\netty\netty-buffer\4.1.33.Final\netty-buffer-4.1.33.Final.jar;E:\Software\apache-maven-3.6.0-bin\MavenRepository\maven_jar\io\netty\netty-codec\4.1.33.Final\netty-codec-4.1.33.Final.jar;E:\Software\apache-maven-3.6.0-bin\MavenRepository\maven_jar\io\netty\netty-transport\4.1.33.Final\netty-transport-4.1.33.Final.jar;E:\Software\apache-maven-3.6.0-bin\MavenRepository\maven_jar\io\netty\netty-resolver\4.1.33.Final\netty-resolver-4.1.33.Final.jar;E:\Software\apache-maven-3.6.0-bin\MavenRepository\maven_jar\io\projectreactor\reactor-core\3.2.6.RELEASE\reactor-core-3.2.6.RELEASE.jar;E:\Software\apache-maven-3.6.0-bin\MavenRepository\maven_jar\org\reactivestreams\reactive-streams\1.0.2\reactive-streams-1.0.2.jar;E:\Software\apache-maven-3.6.0-bin\MavenRepository\maven_jar\org\springframework\boot\spring-boot-configuration-processor\2.1.3.RELEASE\spring-boot-configuration-processor-2.1.3.RELEASE.jar;E:\Software\apache-maven-3.6.0-bin\MavenRepository\maven_jar\redis\clients\jedis\2.9.1\jedis-2.9.1.jar;E:\Software\apache-maven-3.6.0-bin\MavenRepository\maven_jar\org\slf4j\slf4j-api\1.7.25\slf4j-api-1.7.25.jar;E:\Software\apache-maven-3.6.0-bin\MavenRepository\maven_jar\org\apache\commons\commons-pool2\2.6.1\commons-pool2-2.6.1.jar;E:\Software\apache-maven-3.6.0-bin\MavenRepository\maven_jar\mysql\mysql-connector-java\5.1.38\mysql-connector-java-5.1.38.jar;E:\Software\apache-maven-3.6.0-bin\MavenRepository\maven_jar\com\alibaba\druid-spring-boot-starter\1.1.10\druid-spring-boot-starter-1.1.10.jar;E:\Software\apache-maven-3.6.0-bin\MavenRepository\maven_jar\com\alibaba\druid\1.1.10\druid-1.1.10.jar;E:\Software\apache-maven-3.6.0-bin\MavenRepository\maven_jar\org\springframework\boot\spring-boot-autoconfigure\2.1.3.RELEASE\spring-boot-autoconfigure-2.1.3.RELEASE.jar;E:\Software\apache-maven-3.6.0-bin\MavenRepository\maven_jar\org\springframework\boot\spring-boot-devtools\2.1.3.RELEASE\spring-boot-devtools-2.1.3.RELEASE.jar;E:\Software\apache-maven-3.6.0-bin\MavenRepository\maven_jar\org\springframework\boot\spring-boot\2.1.3.RELEASE\spring-boot-2.1.3.RELEASE.jar;E:\Software\apache-maven-3.6.0-bin\MavenRepository\maven_jar\com\baomidou\mybatisplus-spring-boot-starter\1.0.5\mybatisplus-spring-boot-starter-1.0.5.jar;E:\Software\apache-maven-3.6.0-bin\MavenRepository\maven_jar\org\springframework\boot\spring-boot-starter-jdbc\2.1.3.RELEASE\spring-boot-starter-jdbc-2.1.3.RELEASE.jar;E:\Software\apache-maven-3.6.0-bin\MavenRepository\maven_jar\com\zaxxer\HikariCP\3.2.0\HikariCP-3.2.0.jar;E:\Software\apache-maven-3.6.0-bin\MavenRepository\maven_jar\org\springframework\spring-jdbc\5.1.5.RELEASE\spring-jdbc-5.1.5.RELEASE.jar;E:\Software\apache-maven-3.6.0-bin\MavenRepository\maven_jar\com\alibaba\fastjson\1.2.45\fastjson-1.2.45.jar;E:\Software\apache-maven-3.6.0-bin\MavenRepository\maven_jar\commons-lang\commons-lang\2.6\commons-lang-2.6.jar;E:\Software\apache-maven-3.6.0-bin\MavenRepository\maven_jar\commons-fileupload\commons-fileupload\1.2.2\commons-fileupload-1.2.2.jar;E:\Software\apache-maven-3.6.0-bin\MavenRepository\maven_jar\commons-io\commons-io\2.5\commons-io-2.5.jar;E:\Software\apache-maven-3.6.0-bin\MavenRepository\maven_jar\commons-codec\commons-codec\1.10\commons-codec-1.10.jar;E:\Software\apache-maven-3.6.0-bin\MavenRepository\maven_jar\joda-time\joda-time\2.9.9\joda-time-2.9.9.jar;E:\Software\apache-maven-3.6.0-bin\MavenRepository\maven_jar\org\projectlombok\lombok\1.18.2\lombok-1.18.2.jar;E:\Software\apache-maven-3.6.0-bin\MavenRepository\maven_jar\com\github\tobato\fastdfs-client\1.26.1-RELEASE\fastdfs-client-1.26.1-RELEASE.jar;E:\Software\apache-maven-3.6.0-bin\MavenRepository\maven_jar\org\slf4j\jcl-over-slf4j\1.7.25\jcl-over-slf4j-1.7.25.jar;E:\Software\apache-maven-3.6.0-bin\MavenRepository\maven_jar\ch\qos\logback\logback-classic\1.2.3\logback-classic-1.2.3.jar;E:\Software\apache-maven-3.6.0-bin\MavenRepository\maven_jar\ch\qos\logback\logback-core\1.2.3\logback-core-1.2.3.jar;E:\Software\apache-maven-3.6.0-bin\MavenRepository\maven_jar\org\apache\commons\commons-lang3\3.8.1\commons-lang3-3.8.1.jar;E:\Software\apache-maven-3.6.0-bin\MavenRepository\maven_jar\commons-beanutils\commons-beanutils\1.9.1\commons-beanutils-1.9.1.jar;E:\Software\apache-maven-3.6.0-bin\MavenRepository\maven_jar\commons-collections\commons-collections\3.2.1\commons-collections-3.2.1.jar;E:\Software\apache-maven-3.6.0-bin\MavenRepository\maven_jar\org\mockito\mockito-all\1.9.5\mockito-all-1.9.5.jar;E:\Software\apache-maven-3.6.0-bin\MavenRepository\maven_jar\net\coobird\thumbnailator\0.4.8\thumbnailator-0.4.8.jar;E:\Software\apache-maven-3.6.0-bin\MavenRepository\maven_jar\com\baomidou\mybatis-plus\2.1.9\mybatis-plus-2.1.9.jar;E:\Software\apache-maven-3.6.0-bin\MavenRepository\maven_jar\com\baomidou\mybatis-plus-support\2.1.9\mybatis-plus-support-2.1.9.jar;E:\Software\apache-maven-3.6.0-bin\MavenRepository\maven_jar\org\mybatis\mybatis-spring\1.3.1\mybatis-spring-1.3.1.jar;E:\Software\apache-maven-3.6.0-bin\MavenRepository\maven_jar\org\mybatis\mybatis\3.4.5\mybatis-3.4.5.jar;E:\Software\apache-maven-3.6.0-bin\MavenRepository\maven_jar\com\baomidou\mybatis-plus-core\2.1.9\mybatis-plus-core-2.1.9.jar;E:\Software\apache-maven-3.6.0-bin\MavenRepository\maven_jar\com\github\jsqlparser\jsqlparser\1.1\jsqlparser-1.1.jar;E:\Software\apache-maven-3.6.0-bin\MavenRepository\maven_jar\com\baomidou\mybatis-plus-generate\2.1.9\mybatis-plus-generate-2.1.9.jar;E:\Software\apache-maven-3.6.0-bin\MavenRepository\maven_jar\org\apache\velocity\velocity-engine-core\2.0\velocity-engine-core-2.0.jar;E:\Software\apache-maven-3.6.0-bin\MavenRepository\maven_jar\org\freemarker\freemarker\2.3.28\freemarker-2.3.28.jar;E:\Software\apache-maven-3.6.0-bin\MavenRepository\maven_jar\org\apache\httpcomponents\httpclient\4.5.5\httpclient-4.5.5.jar;E:\Software\apache-maven-3.6.0-bin\MavenRepository\maven_jar\org\apache\httpcomponents\httpcore\4.4.11\httpcore-4.4.11.jar;E:\Software\apache-maven-3.6.0-bin\MavenRepository\maven_jar\io\springfox\springfox-swagger2\2.7.0\springfox-swagger2-2.7.0.jar;E:\Software\apache-maven-3.6.0-bin\MavenRepository\maven_jar\io\swagger\swagger-annotations\1.5.13\swagger-annotations-1.5.13.jar;E:\Software\apache-maven-3.6.0-bin\MavenRepository\maven_jar\io\swagger\swagger-models\1.5.13\swagger-models-1.5.13.jar;E:\Software\apache-maven-3.6.0-bin\MavenRepository\maven_jar\com\fasterxml\jackson\core\jackson-annotations\2.9.0\jackson-annotations-2.9.0.jar;E:\Software\apache-maven-3.6.0-bin\MavenRepository\maven_jar\io\springfox\springfox-spi\2.7.0\springfox-spi-2.7.0.jar;E:\Software\apache-maven-3.6.0-bin\MavenRepository\maven_jar\io\springfox\springfox-core\2.7.0\springfox-core-2.7.0.jar;E:\Software\apache-maven-3.6.0-bin\MavenRepository\maven_jar\io\springfox\springfox-schema\2.7.0\springfox-schema-2.7.0.jar;E:\Software\apache-maven-3.6.0-bin\MavenRepository\maven_jar\io\springfox\springfox-swagger-common\2.7.0\springfox-swagger-common-2.7.0.jar;E:\Software\apache-maven-3.6.0-bin\MavenRepository\maven_jar\io\springfox\springfox-spring-web\2.7.0\springfox-spring-web-2.7.0.jar;E:\Software\apache-maven-3.6.0-bin\MavenRepository\maven_jar\org\reflections\reflections\0.9.11\reflections-0.9.11.jar;E:\Software\apache-maven-3.6.0-bin\MavenRepository\maven_jar\org\javassist\javassist\3.21.0-GA\javassist-3.21.0-GA.jar;E:\Software\apache-maven-3.6.0-bin\MavenRepository\maven_jar\com\google\guava\guava\18.0\guava-18.0.jar;E:\Software\apache-maven-3.6.0-bin\MavenRepository\maven_jar\com\fasterxml\classmate\1.4.0\classmate-1.4.0.jar;E:\Software\apache-maven-3.6.0-bin\MavenRepository\maven_jar\org\springframework\plugin\spring-plugin-core\1.2.0.RELEASE\spring-plugin-core-1.2.0.RELEASE.jar;E:\Software\apache-maven-3.6.0-bin\MavenRepository\maven_jar\org\springframework\plugin\spring-plugin-metadata\1.2.0.RELEASE\spring-plugin-metadata-1.2.0.RELEASE.jar;E:\Software\apache-maven-3.6.0-bin\MavenRepository\maven_jar\org\mapstruct\mapstruct\1.1.0.Final\mapstruct-1.1.0.Final.jar;E:\Software\apache-maven-3.6.0-bin\MavenRepository\maven_jar\io\springfox\springfox-swagger-ui\2.7.0\springfox-swagger-ui-2.7.0.jar;E:\Software\apache-maven-3.6.0-bin\MavenRepository\maven_jar\org\springframework\spring-tx\5.1.5.RELEASE\spring-tx-5.1.5.RELEASE.jar;E:\Software\apache-maven-3.6.0-bin\MavenRepository\maven_jar\org\quartz-scheduler\quartz-jobs\2.3.0\quartz-jobs-2.3.0.jar;E:\Software\apache-maven-3.6.0-bin\MavenRepository\maven_jar\org\quartz-scheduler\quartz\2.3.0\quartz-2.3.0.jar;E:\Software\apache-maven-3.6.0-bin\MavenRepository\maven_jar\com\mchange\mchange-commons-java\0.2.11\mchange-commons-java-0.2.11.jar;E:\Software\apache-maven-3.6.0-bin\MavenRepository\maven_jar\cn\hutool\hutool-all\4.1.1\hutool-all-4.1.1.jar;E:\Software\apache-maven-3.6.0-bin\MavenRepository\maven_jar\com\google\code\gson\gson\2.8.5\gson-2.8.5.jar;F:\对讲广播SDK-V506\JAVA demo20201012\demo\src\main\lib\IStreamConvertor.jar;F:\对讲广播SDK-V506\JAVA demo20201012\demo\src\main\lib\examples.jar;F:\对讲广播SDK-V506\JAVA demo20201012\demo\src\main\lib\jna.jar;"/>
    <property name="sun.cpu.endian" value="little"/>
    <property name="user.home" value="C:\Users\Administrator"/>
    <property name="user.language" value="zh"/>
    <property name="java.specification.vendor" value="Oracle Corporation"/>
    <property name="java.home" value="D:\Program Files\java\jdk1.8.0.77\jre"/>
    <property name="basedir" value="F:\对讲广播SDK-V506\JAVA demo20201012\demo"/>
    <property name="file.separator" value="\"/>
    <property name="line.separator" value="&#10;"/>
    <property name="java.vm.specification.vendor" value="Oracle Corporation"/>
    <property name="java.specification.name" value="Java Platform API Specification"/>
    <property name="java.awt.graphicsenv" value="sun.awt.Win32GraphicsEnvironment"/>
    <property name="surefire.real.class.path" value="C:\Users\ADMINI~1\AppData\Local\Temp\surefire8792683762203110592\surefirebooter2731826585229002655.jar"/>
    <property name="sun.boot.class.path" value="D:\Program Files\java\jdk1.8.0.77\jre\lib\resources.jar;D:\Program Files\java\jdk1.8.0.77\jre\lib\rt.jar;D:\Program Files\java\jdk1.8.0.77\jre\lib\sunrsasign.jar;D:\Program Files\java\jdk1.8.0.77\jre\lib\jsse.jar;D:\Program Files\java\jdk1.8.0.77\jre\lib\jce.jar;D:\Program Files\java\jdk1.8.0.77\jre\lib\charsets.jar;D:\Program Files\java\jdk1.8.0.77\jre\lib\jfr.jar;D:\Program Files\java\jdk1.8.0.77\jre\classes"/>
    <property name="user.script" value=""/>
    <property name="sun.management.compiler" value="HotSpot 64-Bit Tiered Compilers"/>
    <property name="java.runtime.version" value="1.8.0_77-b03"/>
    <property name="user.name" value="Administrator"/>
    <property name="path.separator" value=";"/>
    <property name="os.version" value="6.1"/>
    <property name="java.endorsed.dirs" value="D:\Program Files\java\jdk1.8.0.77\jre\lib\endorsed"/>
    <property name="java.runtime.name" value="Java(TM) SE Runtime Environment"/>
    <property name="file.encoding" value="GBK"/>
    <property name="java.vm.name" value="Java HotSpot(TM) 64-Bit Server VM"/>
    <property name="localRepository" value="E:\Software\apache-maven-3.6.0-bin\MavenRepository\maven_jar"/>
    <property name="java.vendor.url.bug" value="http://bugreport.sun.com/bugreport/"/>
    <property name="java.io.tmpdir" value="C:\Users\ADMINI~1\AppData\Local\Temp\"/>
    <property name="idea.version" value="2017.1.4"/>
    <property name="java.version" value="1.8.0_77"/>
    <property name="user.dir" value="F:\对讲广播SDK-V506\JAVA demo20201012\demo"/>
    <property name="os.arch" value="amd64"/>
    <property name="java.vm.specification.name" value="Java Virtual Machine Specification"/>
    <property name="java.awt.printerjob" value="sun.awt.windows.WPrinterJob"/>
    <property name="sun.os.patch.level" value="Service Pack 1"/>
    <property name="java.library.path" value="D:\Program Files\java\jdk1.8.0.77\jre\bin;C:\Windows\Sun\Java\bin;C:\Windows\system32;C:\Windows;D:\Program Files (x86)\NetSarang\Xshell 6\;C:\Perl64\site\bin;C:\Perl64\bin;d:\Ruby22-x64\bin;D:\Program Files\java\jdk1.8.0.77\bin;F:\apache-maven-3.6.0-bin\apache-maven-3.6.0\bin;D:\Program Files (x86)\NetSarang\Xftp 6\;D:\Program Files\java\jdk1.8.0.77\bin;C:\Windows\system32;C:\Windows;C:\Windows\System32\Wbem;C:\Windows\System32\WindowsPowerShell\v1.0\;C:\Program Files (x86)\NVIDIA Corporation\PhysX\Common;C:\Program Files\TortoiseSVN\bin;C:\Program Files (x86)\Microsoft SQL Server\150\DTS\Binn\;f:\Program Files (x86)\Microsoft SQL Server\90\Tools\binn\;d:\Program Files\Git\cmd;C:\Windows\system32\config\systemprofile\.dnx\bin;C:\Program Files\Microsoft DNX\Dnvm\;C:\Program Files\Microsoft SQL Server\130\Tools\Binn\;F:\mingu\bin;C:\Program Files (x86)\Windows Kits\8.1\Windows Performance Toolkit\;C:\Users\Administrator\AppData\Local\Programs\Python\Python38\Scripts\;C:\Users\Administrator\AppData\Local\Programs\Python\Python38\;."/>
    <property name="java.vm.info" value="mixed mode"/>
    <property name="java.vendor" value="Oracle Corporation"/>
    <property name="java.vm.version" value="25.77-b03"/>
    <property name="java.ext.dirs" value="D:\Program Files\java\jdk1.8.0.77\jre\lib\ext;C:\Windows\Sun\Java\lib\ext"/>
    <property name="sun.io.unicode.encoding" value="UnicodeLittle"/>
    <property name="maven.repo.local" value="E:\Software\apache-maven-3.6.0-bin\MavenRepository\maven_jar"/>
    <property name="java.class.version" value="52.0"/>
  </properties>
  <testcase name="shouldAnswerWithTrue" classname="com.fh.AppTest" time="0.001"/>
</testsuite>